Log file open, 03/30/19 13:44:01
LogWindows: Failed to load 'aqProf.dll' (GetLastError=126)
LogWindows: File 'aqProf.dll' does not exist
LogWindows: Failed to load 'VtuneApi.dll' (GetLastError=126)
LogWindows: File 'VtuneApi.dll' does not exist
LogWindows: Failed to load 'VtuneApi32e.dll' (GetLastError=126)
LogWindows: File 'VtuneApi32e.dll' does not exist
LogConsoleResponse: Display: Failed to find resolution value strings in scalability ini. Falling back to default.
LogInit: Display: Running engine for game: TicTacToe
LogPakFile: Registered encryption key '00000000000000000000000000000000': 0 pak files mounted, 0 remain pending
LogPlatformFile: Not using cached read wrapper
LogTaskGraph: Started task graph with 5 named threads and 23 total threads with 3 sets of task threads.
LogStats: Stats thread started at 0.331988
LogD3D11RHI: Loaded GFSDK_Aftermath_Lib.x64.dll
LogICUInternationalization: ICU TimeZone Detection - Raw Offset: -7:00, Platform Override: ''
LogPluginManager: Mounting plugin Paper2D
LogPluginManager: Mounting plugin AISupport
LogPluginManager: Mounting plugin LightPropagationVolume
LogPluginManager: Mounting plugin ActorLayerUtilities
LogPluginManager: Mounting plugin CLionSourceCodeAccess
LogPluginManager: Mounting plugin CodeLiteSourceCodeAccess
LogPluginManager: Mounting plugin GitSourceControl
LogPluginManager: Mounting plugin KDevelopSourceCodeAccess
LogPluginManager: Mounting plugin NullSourceCodeAccess
LogPluginManager: Mounting plugin PerforceSourceControl
LogPluginManager: Mounting plugin SubversionSourceControl
LogPluginManager: Mounting plugin UObjectPlugin
LogPluginManager: Mounting plugin VisualStudioCodeSourceCodeAccess
LogPluginManager: Mounting plugin VisualStudioSourceCodeAccess
LogPluginManager: Mounting plugin XCodeSourceCodeAccess
LogPluginManager: Mounting plugin AssetManagerEditor
LogPluginManager: Mounting plugin CryptoKeys
LogPluginManager: Mounting plugin DataValidation
LogPluginManager: Mounting plugin FacialAnimation
LogPluginManager: Mounting plugin GameplayTagsEditor
LogPluginManager: Mounting plugin MacGraphicsSwitching
LogPluginManager: Mounting plugin MeshEditor
LogPluginManager: Mounting plugin MobileLauncherProfileWizard
LogPluginManager: Mounting plugin PluginBrowser
LogPluginManager: Mounting plugin SpeedTreeImporter
LogPluginManager: Mounting plugin DatasmithContent
LogPluginManager: Mounting plugin VariantManagerContent
LogPluginManager: Mounting plugin AlembicImporter
LogPluginManager: Mounting plugin AppleImageUtils
LogPluginManager: Mounting plugin AppleVision
LogPluginManager: Mounting plugin BackChannel
LogPluginManager: Mounting plugin CharacterAI
LogPluginManager: Mounting plugin GeometryCache
LogPluginManager: Mounting plugin HTML5Networking
LogPluginManager: Mounting plugin ProxyLODPlugin
LogPluginManager: Mounting plugin MagicLeap
LogPluginManager: Mounting plugin MagicLeapMedia
LogPluginManager: Mounting plugin AndroidMedia
LogPluginManager: Mounting plugin AvfMedia
LogPluginManager: Mounting plugin ImgMedia
LogPluginManager: Mounting plugin LinearTimecode
LogPluginManager: Mounting plugin MediaCompositing
LogPluginManager: Mounting plugin MediaPlayerEditor
LogPluginManager: Mounting plugin WebMMedia
LogPluginManager: Mounting plugin WmfMedia
LogPluginManager: Mounting plugin TcpMessaging
LogPluginManager: Mounting plugin UdpMessaging
LogPluginManager: Mounting plugin ActorSequence
LogPluginManager: Mounting plugin LevelSequenceEditor
LogPluginManager: Mounting plugin MatineeToLevelSequence
LogPluginManager: Mounting plugin NetcodeUnitTest
LogPluginManager: Mounting plugin NUTUnrealEngine4
LogPluginManager: Mounting plugin OnlineSubsystemGooglePlay
LogPluginManager: Mounting plugin OnlineSubsystemIOS
LogPluginManager: Mounting plugin OnlineSubsystem
LogPluginManager: Mounting plugin OnlineSubsystemNull
LogPluginManager: Mounting plugin OnlineSubsystemUtils
LogPluginManager: Mounting plugin LauncherChunkInstaller
LogPluginManager: Mounting plugin AndroidDeviceProfileSelector
LogPluginManager: Mounting plugin AndroidMoviePlayer
LogPluginManager: Mounting plugin AndroidPermission
LogPluginManager: Mounting plugin AppleMoviePlayer
LogPluginManager: Mounting plugin ArchVisCharacter
LogPluginManager: Mounting plugin AudioCapture
LogPluginManager: Mounting plugin CableComponent
LogPluginManager: Mounting plugin CustomMeshComponent
LogPluginManager: Mounting plugin EditableMesh
LogPluginManager: Mounting plugin ExampleDeviceProfileSelector
LogPluginManager: Mounting plugin Firebase
LogPluginManager: Mounting plugin GoogleCloudMessaging
LogPluginManager: Mounting plugin IOSDeviceProfileSelector
LogPluginManager: Mounting plugin LinuxDeviceProfileSelector
LogPluginManager: Mounting plugin LocationServicesBPLibrary
LogPluginManager: Mounting plugin MobilePatchingUtils
LogPluginManager: Mounting plugin OculusVR
LogPluginManager: Mounting plugin PhysXVehicles
LogPluginManager: Mounting plugin ProceduralMeshComponent
LogPluginManager: Mounting plugin RuntimePhysXCooking
LogPluginManager: Mounting plugin SteamVR
LogPluginManager: Mounting plugin WebMMoviePlayer
LogPluginManager: Mounting plugin WindowsMoviePlayer
LogStreaming: Display: Took  0.136s to configure plugins.
LogInit: Using libcurl 7.55.1-DEV
LogInit:  - built for x86_64-pc-win32
LogInit:  - supports SSL with OpenSSL/1.0.2h
LogInit:  - supports HTTP deflate (compression) using libz 1.2.8
LogInit:  - other features:
LogInit:      CURL_VERSION_SSL
LogInit:      CURL_VERSION_LIBZ
LogInit:      CURL_VERSION_IPV6
LogInit:      CURL_VERSION_ASYNCHDNS
LogInit:      CURL_VERSION_LARGEFILE
LogInit:      CURL_VERSION_IDN
LogInit:  CurlRequestOptions (configurable via config and command line):
LogInit:  - bVerifyPeer = true  - Libcurl will verify peer certificate
LogInit:  - bUseHttpProxy = false  - Libcurl will NOT use HTTP proxy
LogInit:  - bDontReuseConnections = false  - Libcurl will reuse connections
LogInit:  - MaxHostConnections = 16  - Libcurl will limit the number of connections to a host
LogInit:  - LocalHostAddr = Default
LogInit:  - BufferSize = 65536
LogInit: WinSock: version 1.1 (2.2), MaxSocks=32767, MaxUdp=65467
LogInit: Build: ++UE4+Release-4.21-CL-4753647
LogInit: Engine Version: 4.21.2-4753647+++UE4+Release-4.21
LogInit: Compatible Engine Version: 4.21.0-4541578+++UE4+Release-4.21
LogInit: Net CL: 4541578
LogInit: OS: Windows 10 (), CPU: Intel(R) Core(TM) i7-8650U CPU @ 1.90GHz, GPU: Intel(R) UHD Graphics 620
LogInit: Compiled (64-bit): Jan 19 2019 02:07:31
LogInit: Compiled with Visual C++: 19.13.26129.00
LogInit: Build Configuration: Development
LogInit: Branch Name: ++UE4+Release-4.21
LogInit: Command Line: 
LogInit: Base Directory: C:/Program Files/Epic Games/UE_4.21/Engine/Binaries/Win64/
LogInit: Installed Engine Build: 1
LogDevObjectVersion: Number of dev versions registered: 22
LogDevObjectVersion:   Dev-Blueprints (B0D832E4-1F89-4F0D-ACCF-7EB736FD4AA2): 10
LogDevObjectVersion:   Dev-Build (E1C64328-A22C-4D53-A36C-8E866417BD8C): 0
LogDevObjectVersion:   Dev-Core (375EC13C-06E4-48FB-B500-84F0262A717E): 2
LogDevObjectVersion:   Dev-Editor (E4B068ED-F494-42E9-A231-DA0B2E46BB41): 26
LogDevObjectVersion:   Dev-Framework (CFFC743F-43B0-4480-9391-14DF171D2073): 34
LogDevObjectVersion:   Dev-Mobile (B02B49B5-BB20-44E9-A304-32B752E40360): 2
LogDevObjectVersion:   Dev-Networking (A4E4105C-59A1-49B5-A7C5-40C4547EDFEE): 0
LogDevObjectVersion:   Dev-Online (39C831C9-5AE6-47DC-9A44-9C173E1C8E7C): 0
LogDevObjectVersion:   Dev-Physics (78F01B33-EBEA-4F98-B9B4-84EACCB95AA2): 0
LogDevObjectVersion:   Dev-Platform (6631380F-2D4D-43E0-8009-CF276956A95A): 0
LogDevObjectVersion:   Dev-Rendering (12F88B9F-8875-4AFC-A67C-D90C383ABD29): 27
LogDevObjectVersion:   Dev-Sequencer (7B5AE74C-D270-4C10-A958-57980B212A5A): 9
LogDevObjectVersion:   Dev-VR (D7296918-1DD6-4BDD-9DE2-64A83CC13884): 2
LogDevObjectVersion:   Dev-LoadTimes (C2A15278-BFE7-4AFE-6C17-90FF531DF755): 1
LogDevObjectVersion:   Private-Geometry (6EACA3D4-40EC-4CC1-B786-8BED09428FC5): 3
LogDevObjectVersion:   Dev-AnimPhys (29E575DD-E0A3-4627-9D10-D276232CDCEA): 17
LogDevObjectVersion:   Dev-Anim (AF43A65D-7FD3-4947-9873-3E8ED9C1BB05): 2
LogDevObjectVersion:   Dev-ReflectionCapture (6B266CEC-1EC7-4B8F-A30B-E4D90942FC07): 1
LogDevObjectVersion:   Dev-Automation (0DF73D61-A23F-47EA-B727-89E90C41499A): 1
LogDevObjectVersion:   FortniteMain (601D1886-AC64-4F84-AA16-D3DE0DEAC7D6): 17
LogDevObjectVersion:   Dev-Enterprise (9DFFBCD6-494F-0158-E221-12823C92A888): 4
LogDevObjectVersion:   Dev-Niagara (F2AED0AC-9AFE-416F-8664-AA7FFA26D6FC): 1
LogStreaming: Display: Took  0.000s to delete old logs.
LogInit: Presizing for max 8388607 objects, including 0 objects not considered by GC, pre-allocating 0 bytes for permanent pool.
LogInit: Object subsystem initialized
LogConfig: Setting CVar [[con.DebugEarlyDefault:1]]
LogConfig: Setting CVar [[r.setres:1280x720]]
[2019.03.30-19.44.01:441][  0]LogConfig: Setting CVar [[r.VSync:0]]
[2019.03.30-19.44.01:441][  0]LogConfig: Setting CVar [[r.RHICmdBypass:0]]
[2019.03.30-19.44.01:442][  0]LogConfig: Applying CVar settings from Section [/Script/Engine.RendererSettings] File [C:/Users/jvpos/source/repos/UnrealTicTacToe/TicTacToe/Saved/Config/Windows/Engine.ini]
[2019.03.30-19.44.01:442][  0]LogConfig: Setting CVar [[r.GPUCrashDebugging:0]]
[2019.03.30-19.44.01:442][  0]LogConfig: Applying CVar settings from Section [/Script/Engine.RendererOverrideSettings] File [C:/Users/jvpos/source/repos/UnrealTicTacToe/TicTacToe/Saved/Config/Windows/Engine.ini]
[2019.03.30-19.44.01:442][  0]LogConfig: Applying CVar settings from Section [/Script/Engine.StreamingSettings] File [C:/Users/jvpos/source/repos/UnrealTicTacToe/TicTacToe/Saved/Config/Windows/Engine.ini]
[2019.03.30-19.44.01:442][  0]LogConfig: Setting CVar [[s.MinBulkDataSizeForAsyncLoading:131072]]
[2019.03.30-19.44.01:442][  0]LogConfig: Setting CVar [[s.AsyncLoadingThreadEnabled:0]]
[2019.03.30-19.44.01:442][  0]LogConfig: Setting CVar [[s.EventDrivenLoaderEnabled:1]]
[2019.03.30-19.44.01:442][  0]LogConfig: Setting CVar [[s.WarnIfTimeLimitExceeded:0]]
[2019.03.30-19.44.01:442][  0]LogConfig: Setting CVar [[s.TimeLimitExceededMultiplier:1.5]]
[2019.03.30-19.44.01:442][  0]LogConfig: Setting CVar [[s.TimeLimitExceededMinTime:0.005]]
[2019.03.30-19.44.01:442][  0]LogConfig: Setting CVar [[s.UseBackgroundLevelStreaming:1]]
[2019.03.30-19.44.01:442][  0]LogConfig: Setting CVar [[s.PriorityAsyncLoadingExtraTime:15.0]]
[2019.03.30-19.44.01:442][  0]LogConfig: Setting CVar [[s.LevelStreamingActorsUpdateTimeLimit:5.0]]
[2019.03.30-19.44.01:442][  0]LogConfig: Setting CVar [[s.PriorityLevelStreamingActorsUpdateExtraTime:5.0]]
[2019.03.30-19.44.01:442][  0]LogConfig: Setting CVar [[s.LevelStreamingComponentsRegistrationGranularity:10]]
[2019.03.30-19.44.01:442][  0]LogConfig: Setting CVar [[s.UnregisterComponentsTimeLimit:1.0]]
[2019.03.30-19.44.01:442][  0]LogConfig: Setting CVar [[s.LevelStreamingComponentsUnregistrationGranularity:5]]
[2019.03.30-19.44.01:442][  0]LogConfig: Applying CVar settings from Section [/Script/Engine.GarbageCollectionSettings] File [C:/Users/jvpos/source/repos/UnrealTicTacToe/TicTacToe/Saved/Config/Windows/Engine.ini]
[2019.03.30-19.44.01:442][  0]LogConfig: Setting CVar [[gc.MaxObjectsNotConsideredByGC:1]]
[2019.03.30-19.44.01:442][  0]LogConfig: Setting CVar [[gc.SizeOfPermanentObjectPool:0]]
[2019.03.30-19.44.01:442][  0]LogConfig: Setting CVar [[gc.FlushStreamingOnGC:0]]
[2019.03.30-19.44.01:442][  0]LogConfig: Setting CVar [[gc.NumRetriesBeforeForcingGC:10]]
[2019.03.30-19.44.01:442][  0]LogConfig: Setting CVar [[gc.AllowParallelGC:1]]
[2019.03.30-19.44.01:442][  0]LogConfig: Setting CVar [[gc.TimeBetweenPurgingPendingKillObjects:61.1]]
[2019.03.30-19.44.01:442][  0]LogConfig: Setting CVar [[gc.MaxObjectsInEditor:8388607]]
[2019.03.30-19.44.01:442][  0]LogConfig: Setting CVar [[gc.IncrementalBeginDestroyEnabled:1]]
[2019.03.30-19.44.01:442][  0]LogConfig: Setting CVar [[gc.CreateGCClusters:1]]
[2019.03.30-19.44.01:442][  0]LogConfig: Setting CVar [[gc.MergeGCClusters:0]]
[2019.03.30-19.44.01:442][  0]LogConfig: Setting CVar [[gc.MinGCClusterSize:5]]
[2019.03.30-19.44.01:442][  0]LogConfig: Setting CVar [[gc.ActorClusteringEnabled:0]]
[2019.03.30-19.44.01:442][  0]LogConfig: Setting CVar [[gc.BlueprintClusteringEnabled:0]]
[2019.03.30-19.44.01:442][  0]LogConfig: Setting CVar [[gc.UseDisregardForGCOnDedicatedServers:0]]
[2019.03.30-19.44.01:442][  0]LogConfig: Applying CVar settings from Section [/Script/Engine.NetworkSettings] File [C:/Users/jvpos/source/repos/UnrealTicTacToe/TicTacToe/Saved/Config/Windows/Engine.ini]
[2019.03.30-19.44.01:442][  0]LogConfig: Applying CVar settings from Section [/Script/UnrealEd.CookerSettings] File [C:/Users/jvpos/source/repos/UnrealTicTacToe/TicTacToe/Saved/Config/Windows/Engine.ini]
[2019.03.30-19.44.01:446][  0]LogConfig: Applying CVar settings from Section [ViewDistanceQuality@3] File [C:/Users/jvpos/source/repos/UnrealTicTacToe/TicTacToe/Saved/Config/Windows/Scalability.ini]
[2019.03.30-19.44.01:446][  0]LogConfig: Setting CVar [[r.SkeletalMeshLODBias:0]]
[2019.03.30-19.44.01:446][  0]LogConfig: Setting CVar [[r.ViewDistanceScale:1.0]]
[2019.03.30-19.44.01:446][  0]LogConfig: Applying CVar settings from Section [AntiAliasingQuality@3] File [C:/Users/jvpos/source/repos/UnrealTicTacToe/TicTacToe/Saved/Config/Windows/Scalability.ini]
[2019.03.30-19.44.01:446][  0]LogConfig: Setting CVar [[r.PostProcessAAQuality:4]]
[2019.03.30-19.44.01:446][  0]LogConfig: Applying CVar settings from Section [ShadowQuality@3] File [C:/Users/jvpos/source/repos/UnrealTicTacToe/TicTacToe/Saved/Config/Windows/Scalability.ini]
[2019.03.30-19.44.01:446][  0]LogConfig: Setting CVar [[r.LightFunctionQuality:1]]
[2019.03.30-19.44.01:446][  0]LogConfig: Setting CVar [[r.ShadowQuality:5]]
[2019.03.30-19.44.01:446][  0]LogConfig: Setting CVar [[r.Shadow.CSM.MaxCascades:10]]
[2019.03.30-19.44.01:446][  0]LogConfig: Setting CVar [[r.Shadow.MaxResolution:2048]]
[2019.03.30-19.44.01:447][  0]LogConfig: Setting CVar [[r.Shadow.MaxCSMResolution:2048]]
[2019.03.30-19.44.01:447][  0]LogConfig: Setting CVar [[r.Shadow.RadiusThreshold:0.01]]
[2019.03.30-19.44.01:447][  0]LogConfig: Setting CVar [[r.Shadow.DistanceScale:1.0]]
[2019.03.30-19.44.01:447][  0]LogConfig: Setting CVar [[r.Shadow.CSM.TransitionScale:1.0]]
[2019.03.30-19.44.01:447][  0]LogConfig: Setting CVar [[r.Shadow.PreShadowResolutionFactor:1.0]]
[2019.03.30-19.44.01:447][  0]LogConfig: Setting CVar [[r.DistanceFieldShadowing:1]]
[2019.03.30-19.44.01:447][  0]LogConfig: Setting CVar [[r.DistanceFieldAO:1]]
[2019.03.30-19.44.01:447][  0]LogConfig: Setting CVar [[r.AOQuality:2]]
[2019.03.30-19.44.01:447][  0]LogConfig: Setting CVar [[r.VolumetricFog:1]]
[2019.03.30-19.44.01:447][  0]LogConfig: Setting CVar [[r.VolumetricFog.GridPixelSize:8]]
[2019.03.30-19.44.01:447][  0]LogConfig: Setting CVar [[r.VolumetricFog.GridSizeZ:128]]
[2019.03.30-19.44.01:447][  0]LogConfig: Setting CVar [[r.VolumetricFog.HistoryMissSupersampleCount:4]]
[2019.03.30-19.44.01:447][  0]LogConfig: Setting CVar [[r.LightMaxDrawDistanceScale:1]]
[2019.03.30-19.44.01:447][  0]LogConfig: Setting CVar [[r.CapsuleShadows:1]]
[2019.03.30-19.44.01:447][  0]LogConfig: Applying CVar settings from Section [PostProcessQuality@3] File [C:/Users/jvpos/source/repos/UnrealTicTacToe/TicTacToe/Saved/Config/Windows/Scalability.ini]
[2019.03.30-19.44.01:447][  0]LogConfig: Setting CVar [[r.MotionBlurQuality:4]]
[2019.03.30-19.44.01:447][  0]LogConfig: Setting CVar [[r.AmbientOcclusionMipLevelFactor:0.4]]
[2019.03.30-19.44.01:447][  0]LogConfig: Setting CVar [[r.AmbientOcclusionMaxQuality:100]]
[2019.03.30-19.44.01:447][  0]LogConfig: Setting CVar [[r.AmbientOcclusionLevels:-1]]
[2019.03.30-19.44.01:447][  0]LogConfig: Setting CVar [[r.AmbientOcclusionRadiusScale:1.0]]
[2019.03.30-19.44.01:447][  0]LogConfig: Setting CVar [[r.DepthOfFieldQuality:2]]
[2019.03.30-19.44.01:447][  0]LogConfig: Setting CVar [[r.RenderTargetPoolMin:400]]
[2019.03.30-19.44.01:447][  0]LogConfig: Setting CVar [[r.LensFlareQuality:2]]
[2019.03.30-19.44.01:447][  0]LogConfig: Setting CVar [[r.SceneColorFringeQuality:1]]
[2019.03.30-19.44.01:447][  0]LogConfig: Setting CVar [[r.EyeAdaptationQuality:2]]
[2019.03.30-19.44.01:447][  0]LogConfig: Setting CVar [[r.BloomQuality:5]]
[2019.03.30-19.44.01:447][  0]LogConfig: Setting CVar [[r.FastBlurThreshold:100]]
[2019.03.30-19.44.01:447][  0]LogConfig: Setting CVar [[r.Upscale.Quality:3]]
[2019.03.30-19.44.01:447][  0]LogConfig: Setting CVar [[r.Tonemapper.GrainQuantization:1]]
[2019.03.30-19.44.01:447][  0]LogConfig: Setting CVar [[r.LightShaftQuality:1]]
[2019.03.30-19.44.01:447][  0]LogConfig: Setting CVar [[r.Filter.SizeScale:1]]
[2019.03.30-19.44.01:447][  0]LogConfig: Setting CVar [[r.Tonemapper.Quality:5]]
[2019.03.30-19.44.01:447][  0]LogConfig: Setting CVar [[r.DOF.Gather.AccumulatorQuality:1        ; higher gathering accumulator quality]]
[2019.03.30-19.44.01:447][  0]LogConfig: Setting CVar [[r.DOF.Gather.PostfilterMethod:1          ; Median3x3 postfilering method]]
[2019.03.30-19.44.01:447][  0]LogConfig: Setting CVar [[r.DOF.Gather.EnableBokehSettings:0       ; no bokeh simulation when gathering]]
[2019.03.30-19.44.01:447][  0]LogConfig: Setting CVar [[r.DOF.Gather.RingCount:4                 ; medium number of samples when gathering]]
[2019.03.30-19.44.01:447][  0]LogConfig: Setting CVar [[r.DOF.Scatter.ForegroundCompositing:1    ; additive foreground scattering]]
[2019.03.30-19.44.01:447][  0]LogConfig: Setting CVar [[r.DOF.Scatter.BackgroundCompositing:2    ; additive background scattering]]
[2019.03.30-19.44.01:447][  0]LogConfig: Setting CVar [[r.DOF.Scatter.EnableBokehSettings:1      ; bokeh simulation when scattering]]
[2019.03.30-19.44.01:447][  0]LogConfig: Setting CVar [[r.DOF.Scatter.MaxSpriteRatio:0.1         ; only a maximum of 10% of scattered bokeh]]
[2019.03.30-19.44.01:447][  0]LogConfig: Setting CVar [[r.DOF.Recombine.Quality:1                ; cheap slight out of focus]]
[2019.03.30-19.44.01:448][  0]LogConfig: Setting CVar [[r.DOF.Recombine.EnableBokehSettings:0    ; no bokeh simulation on slight out of focus]]
[2019.03.30-19.44.01:448][  0]LogConfig: Setting CVar [[r.DOF.TemporalAAQuality:1                ; more stable temporal accumulation]]
[2019.03.30-19.44.01:448][  0]LogConfig: Setting CVar [[r.DOF.Kernel.MaxForegroundRadius:0.025]]
[2019.03.30-19.44.01:448][  0]LogConfig: Setting CVar [[r.DOF.Kernel.MaxBackgroundRadius:0.025]]
[2019.03.30-19.44.01:448][  0]LogConfig: Applying CVar settings from Section [TextureQuality@3] File [C:/Users/jvpos/source/repos/UnrealTicTacToe/TicTacToe/Saved/Config/Windows/Scalability.ini]
[2019.03.30-19.44.01:448][  0]LogConfig: Setting CVar [[r.Streaming.MipBias:0]]
[2019.03.30-19.44.01:448][  0]LogConfig: Setting CVar [[r.Streaming.AmortizeCPUToGPUCopy:0]]
[2019.03.30-19.44.01:448][  0]LogConfig: Setting CVar [[r.Streaming.MaxNumTexturesToStreamPerFrame:0]]
[2019.03.30-19.44.01:448][  0]LogConfig: Setting CVar [[r.Streaming.Boost:1]]
[2019.03.30-19.44.01:448][  0]LogConfig: Setting CVar [[r.MaxAnisotropy:8]]
[2019.03.30-19.44.01:448][  0]LogConfig: Setting CVar [[r.Streaming.LimitPoolSizeToVRAM:0]]
[2019.03.30-19.44.01:448][  0]LogConfig: Setting CVar [[r.Streaming.PoolSize:1000]]
[2019.03.30-19.44.01:448][  0]LogConfig: Setting CVar [[r.Streaming.MaxEffectiveScreenSize:0]]
[2019.03.30-19.44.01:448][  0]LogConfig: Applying CVar settings from Section [EffectsQuality@3] File [C:/Users/jvpos/source/repos/UnrealTicTacToe/TicTacToe/Saved/Config/Windows/Scalability.ini]
[2019.03.30-19.44.01:448][  0]LogConfig: Setting CVar [[r.TranslucencyLightingVolumeDim:64]]
[2019.03.30-19.44.01:448][  0]LogConfig: Setting CVar [[r.RefractionQuality:2]]
[2019.03.30-19.44.01:448][  0]LogConfig: Setting CVar [[r.SSR.Quality:3]]
[2019.03.30-19.44.01:448][  0]LogConfig: Setting CVar [[r.SceneColorFormat:4]]
[2019.03.30-19.44.01:448][  0]LogConfig: Setting CVar [[r.DetailMode:2]]
[2019.03.30-19.44.01:448][  0]LogConfig: Setting CVar [[r.TranslucencyVolumeBlur:1]]
[2019.03.30-19.44.01:448][  0]LogConfig: Setting CVar [[r.MaterialQualityLevel:1 ; High quality]]
[2019.03.30-19.44.01:448][  0]LogConfig: Setting CVar [[r.SSS.Scale:1]]
[2019.03.30-19.44.01:448][  0]LogConfig: Setting CVar [[r.SSS.SampleSet:2]]
[2019.03.30-19.44.01:448][  0]LogConfig: Setting CVar [[r.SSS.Quality:1]]
[2019.03.30-19.44.01:448][  0]LogConfig: Setting CVar [[r.SSS.HalfRes:1]]
[2019.03.30-19.44.01:448][  0]LogConfig: Setting CVar [[r.EmitterSpawnRateScale:1.0]]
[2019.03.30-19.44.01:448][  0]LogConfig: Setting CVar [[r.ParticleLightQuality:2]]
[2019.03.30-19.44.01:448][  0]LogConfig: Applying CVar settings from Section [FoliageQuality@3] File [C:/Users/jvpos/source/repos/UnrealTicTacToe/TicTacToe/Saved/Config/Windows/Scalability.ini]
[2019.03.30-19.44.01:448][  0]LogConfig: Setting CVar [[foliage.DensityScale:1.0]]
[2019.03.30-19.44.01:448][  0]LogConfig: Setting CVar [[grass.DensityScale:1.0]]
[2019.03.30-19.44.01:448][  0]LogInit: Selected Device Profile: [Windows]
[2019.03.30-19.44.01:448][  0]LogInit: Applying CVar settings loaded from the selected device profile: [Windows]
[2019.03.30-19.44.01:462][  0]LogHAL: Display: Platform has ~ 16 GB [17101221888 / 17179869184 / 16], which maps to Larger [LargestMinGB=32, LargerMinGB=12, DefaultMinGB=8, SmallerMinGB=6, SmallestMinGB=0)
[2019.03.30-19.44.01:462][  0]LogConfig: Setting CVar [[r.Vulkan.UseRealUBs:1]]
[2019.03.30-19.44.01:462][  0]LogInit: Going up to parent DeviceProfile []
[2019.03.30-19.44.01:462][  0]LogConfig: Applying CVar settings from Section [ViewDistanceQuality@3] File [C:/Users/jvpos/source/repos/UnrealTicTacToe/TicTacToe/Saved/Config/Windows/Scalability.ini]
[2019.03.30-19.44.01:462][  0]LogConfig: Setting CVar [[r.SkeletalMeshLODBias:0]]
[2019.03.30-19.44.01:462][  0]LogConfig: Setting CVar [[r.ViewDistanceScale:1.0]]
[2019.03.30-19.44.01:462][  0]LogConfig: Applying CVar settings from Section [AntiAliasingQuality@3] File [C:/Users/jvpos/source/repos/UnrealTicTacToe/TicTacToe/Saved/Config/Windows/Scalability.ini]
[2019.03.30-19.44.01:462][  0]LogConfig: Setting CVar [[r.PostProcessAAQuality:4]]
[2019.03.30-19.44.01:462][  0]LogConfig: Applying CVar settings from Section [ShadowQuality@3] File [C:/Users/jvpos/source/repos/UnrealTicTacToe/TicTacToe/Saved/Config/Windows/Scalability.ini]
[2019.03.30-19.44.01:462][  0]LogConfig: Setting CVar [[r.LightFunctionQuality:1]]
[2019.03.30-19.44.01:462][  0]LogConfig: Setting CVar [[r.ShadowQuality:5]]
[2019.03.30-19.44.01:462][  0]LogConfig: Setting CVar [[r.Shadow.CSM.MaxCascades:10]]
[2019.03.30-19.44.01:462][  0]LogConfig: Setting CVar [[r.Shadow.MaxResolution:2048]]
[2019.03.30-19.44.01:462][  0]LogConfig: Setting CVar [[r.Shadow.MaxCSMResolution:2048]]
[2019.03.30-19.44.01:462][  0]LogConfig: Setting CVar [[r.Shadow.RadiusThreshold:0.01]]
[2019.03.30-19.44.01:462][  0]LogConfig: Setting CVar [[r.Shadow.DistanceScale:1.0]]
[2019.03.30-19.44.01:463][  0]LogConfig: Setting CVar [[r.Shadow.CSM.TransitionScale:1.0]]
[2019.03.30-19.44.01:463][  0]LogConfig: Setting CVar [[r.Shadow.PreShadowResolutionFactor:1.0]]
[2019.03.30-19.44.01:463][  0]LogConfig: Setting CVar [[r.DistanceFieldShadowing:1]]
[2019.03.30-19.44.01:463][  0]LogConfig: Setting CVar [[r.DistanceFieldAO:1]]
[2019.03.30-19.44.01:463][  0]LogConfig: Setting CVar [[r.AOQuality:2]]
[2019.03.30-19.44.01:463][  0]LogConfig: Setting CVar [[r.VolumetricFog:1]]
[2019.03.30-19.44.01:463][  0]LogConfig: Setting CVar [[r.VolumetricFog.GridPixelSize:8]]
[2019.03.30-19.44.01:463][  0]LogConfig: Setting CVar [[r.VolumetricFog.GridSizeZ:128]]
[2019.03.30-19.44.01:463][  0]LogConfig: Setting CVar [[r.VolumetricFog.HistoryMissSupersampleCount:4]]
[2019.03.30-19.44.01:463][  0]LogConfig: Setting CVar [[r.LightMaxDrawDistanceScale:1]]
[2019.03.30-19.44.01:463][  0]LogConfig: Setting CVar [[r.CapsuleShadows:1]]
[2019.03.30-19.44.01:463][  0]LogConfig: Applying CVar settings from Section [PostProcessQuality@3] File [C:/Users/jvpos/source/repos/UnrealTicTacToe/TicTacToe/Saved/Config/Windows/Scalability.ini]
[2019.03.30-19.44.01:463][  0]LogConfig: Setting CVar [[r.MotionBlurQuality:4]]
[2019.03.30-19.44.01:463][  0]LogConfig: Setting CVar [[r.AmbientOcclusionMipLevelFactor:0.4]]
[2019.03.30-19.44.01:463][  0]LogConfig: Setting CVar [[r.AmbientOcclusionMaxQuality:100]]
[2019.03.30-19.44.01:463][  0]LogConfig: Setting CVar [[r.AmbientOcclusionLevels:-1]]
[2019.03.30-19.44.01:463][  0]LogConfig: Setting CVar [[r.AmbientOcclusionRadiusScale:1.0]]
[2019.03.30-19.44.01:463][  0]LogConfig: Setting CVar [[r.DepthOfFieldQuality:2]]
[2019.03.30-19.44.01:463][  0]LogConfig: Setting CVar [[r.RenderTargetPoolMin:400]]
[2019.03.30-19.44.01:463][  0]LogConfig: Setting CVar [[r.LensFlareQuality:2]]
[2019.03.30-19.44.01:463][  0]LogConfig: Setting CVar [[r.SceneColorFringeQuality:1]]
[2019.03.30-19.44.01:463][  0]LogConfig: Setting CVar [[r.EyeAdaptationQuality:2]]
[2019.03.30-19.44.01:463][  0]LogConfig: Setting CVar [[r.BloomQuality:5]]
[2019.03.30-19.44.01:463][  0]LogConfig: Setting CVar [[r.FastBlurThreshold:100]]
[2019.03.30-19.44.01:463][  0]LogConfig: Setting CVar [[r.Upscale.Quality:3]]
[2019.03.30-19.44.01:463][  0]LogConfig: Setting CVar [[r.Tonemapper.GrainQuantization:1]]
[2019.03.30-19.44.01:463][  0]LogConfig: Setting CVar [[r.LightShaftQuality:1]]
[2019.03.30-19.44.01:463][  0]LogConfig: Setting CVar [[r.Filter.SizeScale:1]]
[2019.03.30-19.44.01:463][  0]LogConfig: Setting CVar [[r.Tonemapper.Quality:5]]
[2019.03.30-19.44.01:463][  0]LogConfig: Setting CVar [[r.DOF.Gather.AccumulatorQuality:1        ; higher gathering accumulator quality]]
[2019.03.30-19.44.01:464][  0]LogConfig: Setting CVar [[r.DOF.Gather.PostfilterMethod:1          ; Median3x3 postfilering method]]
[2019.03.30-19.44.01:464][  0]LogConfig: Setting CVar [[r.DOF.Gather.EnableBokehSettings:0       ; no bokeh simulation when gathering]]
[2019.03.30-19.44.01:464][  0]LogConfig: Setting CVar [[r.DOF.Gather.RingCount:4                 ; medium number of samples when gathering]]
[2019.03.30-19.44.01:464][  0]LogConfig: Setting CVar [[r.DOF.Scatter.ForegroundCompositing:1    ; additive foreground scattering]]
[2019.03.30-19.44.01:464][  0]LogConfig: Setting CVar [[r.DOF.Scatter.BackgroundCompositing:2    ; additive background scattering]]
[2019.03.30-19.44.01:464][  0]LogConfig: Setting CVar [[r.DOF.Scatter.EnableBokehSettings:1      ; bokeh simulation when scattering]]
[2019.03.30-19.44.01:464][  0]LogConfig: Setting CVar [[r.DOF.Scatter.MaxSpriteRatio:0.1         ; only a maximum of 10% of scattered bokeh]]
[2019.03.30-19.44.01:464][  0]LogConfig: Setting CVar [[r.DOF.Recombine.Quality:1                ; cheap slight out of focus]]
[2019.03.30-19.44.01:464][  0]LogConfig: Setting CVar [[r.DOF.Recombine.EnableBokehSettings:0    ; no bokeh simulation on slight out of focus]]
[2019.03.30-19.44.01:464][  0]LogConfig: Setting CVar [[r.DOF.TemporalAAQuality:1                ; more stable temporal accumulation]]
[2019.03.30-19.44.01:464][  0]LogConfig: Setting CVar [[r.DOF.Kernel.MaxForegroundRadius:0.025]]
[2019.03.30-19.44.01:464][  0]LogConfig: Setting CVar [[r.DOF.Kernel.MaxBackgroundRadius:0.025]]
[2019.03.30-19.44.01:464][  0]LogConfig: Applying CVar settings from Section [TextureQuality@3] File [C:/Users/jvpos/source/repos/UnrealTicTacToe/TicTacToe/Saved/Config/Windows/Scalability.ini]
[2019.03.30-19.44.01:464][  0]LogConfig: Setting CVar [[r.Streaming.MipBias:0]]
[2019.03.30-19.44.01:464][  0]LogConfig: Setting CVar [[r.Streaming.AmortizeCPUToGPUCopy:0]]
[2019.03.30-19.44.01:464][  0]LogConfig: Setting CVar [[r.Streaming.MaxNumTexturesToStreamPerFrame:0]]
[2019.03.30-19.44.01:464][  0]LogConfig: Setting CVar [[r.Streaming.Boost:1]]
[2019.03.30-19.44.01:464][  0]LogConfig: Setting CVar [[r.MaxAnisotropy:8]]
[2019.03.30-19.44.01:464][  0]LogConfig: Setting CVar [[r.Streaming.LimitPoolSizeToVRAM:0]]
[2019.03.30-19.44.01:464][  0]LogConfig: Setting CVar [[r.Streaming.PoolSize:1000]]
[2019.03.30-19.44.01:464][  0]LogConfig: Setting CVar [[r.Streaming.MaxEffectiveScreenSize:0]]
[2019.03.30-19.44.01:464][  0]LogConfig: Applying CVar settings from Section [EffectsQuality@3] File [C:/Users/jvpos/source/repos/UnrealTicTacToe/TicTacToe/Saved/Config/Windows/Scalability.ini]
[2019.03.30-19.44.01:464][  0]LogConfig: Setting CVar [[r.TranslucencyLightingVolumeDim:64]]
[2019.03.30-19.44.01:464][  0]LogConfig: Setting CVar [[r.RefractionQuality:2]]
[2019.03.30-19.44.01:464][  0]LogConfig: Setting CVar [[r.SSR.Quality:3]]
[2019.03.30-19.44.01:464][  0]LogConfig: Setting CVar [[r.SceneColorFormat:4]]
[2019.03.30-19.44.01:464][  0]LogConfig: Setting CVar [[r.DetailMode:2]]
[2019.03.30-19.44.01:464][  0]LogConfig: Setting CVar [[r.TranslucencyVolumeBlur:1]]
[2019.03.30-19.44.01:464][  0]LogConfig: Setting CVar [[r.MaterialQualityLevel:1 ; High quality]]
[2019.03.30-19.44.01:464][  0]LogConfig: Setting CVar [[r.SSS.Scale:1]]
[2019.03.30-19.44.01:464][  0]LogConfig: Setting CVar [[r.SSS.SampleSet:2]]
[2019.03.30-19.44.01:464][  0]LogConfig: Setting CVar [[r.SSS.Quality:1]]
[2019.03.30-19.44.01:464][  0]LogConfig: Setting CVar [[r.SSS.HalfRes:1]]
[2019.03.30-19.44.01:464][  0]LogConfig: Setting CVar [[r.EmitterSpawnRateScale:1.0]]
[2019.03.30-19.44.01:464][  0]LogConfig: Setting CVar [[r.ParticleLightQuality:2]]
[2019.03.30-19.44.01:464][  0]LogConfig: Applying CVar settings from Section [FoliageQuality@3] File [C:/Users/jvpos/source/repos/UnrealTicTacToe/TicTacToe/Saved/Config/Windows/Scalability.ini]
[2019.03.30-19.44.01:464][  0]LogConfig: Setting CVar [[foliage.DensityScale:1.0]]
[2019.03.30-19.44.01:464][  0]LogConfig: Setting CVar [[grass.DensityScale:1.0]]
[2019.03.30-19.44.01:464][  0]LogConfig: Applying CVar settings from Section [Startup] File [../../../Engine/Config/ConsoleVariables.ini]
[2019.03.30-19.44.01:464][  0]LogConfig: Setting CVar [[net.UseAdaptiveNetUpdateFrequency:0]]
[2019.03.30-19.44.01:464][  0]LogConfig: Applying CVar settings from Section [ConsoleVariables] File [C:/Users/jvpos/source/repos/UnrealTicTacToe/TicTacToe/Saved/Config/Windows/Engine.ini]
[2019.03.30-19.44.01:464][  0]LogInit: Computer: POSTMITA
[2019.03.30-19.44.01:464][  0]LogInit: User: jvpos
[2019.03.30-19.44.01:464][  0]LogInit: CPU Page size=4096, Cores=4
[2019.03.30-19.44.01:464][  0]LogInit: High frequency timer resolution =2.062500 MHz
[2019.03.30-19.44.01:465][  0]LogMemory: Memory total: Physical=15.9GB (16GB approx)
[2019.03.30-19.44.01:465][  0]LogMemory: Platform Memory Stats for Windows
[2019.03.30-19.44.01:465][  0]LogMemory: Process Physical Memory: 102.77 MB used, 102.77 MB peak
[2019.03.30-19.44.01:465][  0]LogMemory: Process Virtual Memory: 89.84 MB used, 89.84 MB peak
[2019.03.30-19.44.01:465][  0]LogMemory: Physical Memory: 6752.52 MB used,  9556.48 MB free, 16309.00 MB total
[2019.03.30-19.44.01:465][  0]LogMemory: Virtual Memory: 4646.36 MB used,  134213080.00 MB free, 134217728.00 MB total
[2019.03.30-19.44.01:487][  0]LogInit: Using OS detected language (en-US).
[2019.03.30-19.44.01:487][  0]LogInit: Using OS detected locale (en-US).
[2019.03.30-19.44.01:488][  0]LogTextLocalizationManager: No specific localization for 'en-US' exists, so the 'en' localization will be used.
[2019.03.30-19.44.02:253][  0]LogStreaming: Display: Took  0.766s to InitEngineTextLocalization.
[2019.03.30-19.44.02:254][  0]LogInit: Setting process to per monitor DPI aware
[2019.03.30-19.44.02:335][  0]LogSlate: New Slate User Created.  User Index 0, Is Virtual User: 0
[2019.03.30-19.44.02:335][  0]LogSlate: Slate User Registered.  User Index 0, Is Virtual User: 0
[2019.03.30-19.44.02:690][  0]LogHMD: Failed to initialize OpenVR with code 110
[2019.03.30-19.44.02:690][  0]LogD3D11RHI: D3D11 adapters:
[2019.03.30-19.44.02:733][  0]LogD3D11RHI:    0. 'Intel(R) UHD Graphics 620' (Feature Level 11_0)
[2019.03.30-19.44.02:733][  0]LogD3D11RHI:       128/0/8154 MB DedicatedVideo/DedicatedSystem/SharedSystem, Outputs:1, VendorId:0x8086
[2019.03.30-19.44.02:737][  0]LogD3D11RHI:    1. 'Microsoft Basic Render Driver' (Feature Level 11_0)
[2019.03.30-19.44.02:737][  0]LogD3D11RHI:       0/0/8154 MB DedicatedVideo/DedicatedSystem/SharedSystem, Outputs:0, VendorId:0x1414
[2019.03.30-19.44.02:737][  0]LogD3D11RHI: Chosen D3D11 Adapter: 0
[2019.03.30-19.44.02:747][  0]LogD3D11RHI: Creating new Direct3DDevice
[2019.03.30-19.44.02:747][  0]LogD3D11RHI:     GPU DeviceId: 0x5917 (for the marketing name, search the web for "GPU Device Id")
[2019.03.30-19.44.02:747][  0]LogWindows: EnumDisplayDevices:
[2019.03.30-19.44.02:747][  0]LogWindows:    0. 'Intel(R) UHD Graphics 620' (P:1 D:1)
[2019.03.30-19.44.02:748][  0]LogWindows:    1. 'Intel(R) UHD Graphics 620' (P:0 D:0)
[2019.03.30-19.44.02:748][  0]LogWindows:    2. 'Intel(R) UHD Graphics 620' (P:0 D:0)
[2019.03.30-19.44.02:749][  0]LogWindows: DebugString: FoundDriverCount:3 
[2019.03.30-19.44.02:749][  0]LogD3D11RHI:     Adapter Name: Intel(R) UHD Graphics 620
[2019.03.30-19.44.02:749][  0]LogD3D11RHI:   Driver Version: 24.20.100.6195 (internal:24.20.100.6195, unified:24.20.100.6195)
[2019.03.30-19.44.02:749][  0]LogD3D11RHI:      Driver Date: 6-21-2018
[2019.03.30-19.44.02:749][  0]LogRHI: Texture pool is 1523 MB (70% of 2176 MB)
[2019.03.30-19.44.02:845][  0]LogD3D11RHI: [IntelMetricsDiscovery] Started
[2019.03.30-19.44.02:845][  0]LogD3D11RHI: Async texture creation enabled
[2019.03.30-19.44.02:856][  0]LogD3D11RHI: GPU Timing Frequency: 12.000048 (Debug: 2 0)
[2019.03.30-19.44.03:401][  0]LogTemp: Display: Loaded TP AllDesktopTargetPlatform
[2019.03.30-19.44.03:422][  0]LogTemp: Display: Loaded TP MacClientTargetPlatform
[2019.03.30-19.44.03:446][  0]LogTemp: Display: Loaded TP MacNoEditorTargetPlatform
[2019.03.30-19.44.03:467][  0]LogTemp: Display: Loaded TP MacServerTargetPlatform
[2019.03.30-19.44.03:486][  0]LogTemp: Display: Loaded TP MacTargetPlatform
[2019.03.30-19.44.03:504][  0]LogTemp: Display: Loaded TP WindowsClientTargetPlatform
[2019.03.30-19.44.03:526][  0]LogTemp: Display: Loaded TP WindowsNoEditorTargetPlatform
[2019.03.30-19.44.03:552][  0]LogTemp: Display: Loaded TP WindowsServerTargetPlatform
[2019.03.30-19.44.03:564][  0]LogTemp: Display: Loaded TP WindowsTargetPlatform
[2019.03.30-19.44.03:699][  0]LogTemp: Display: Loaded TP AndroidTargetPlatform
[2019.03.30-19.44.03:699][  0]LogTemp: Display: Loaded TP AndroidTargetPlatform
[2019.03.30-19.44.03:699][  0]LogTemp: Display: Loaded TP AndroidTargetPlatform
[2019.03.30-19.44.03:699][  0]LogTemp: Display: Loaded TP AndroidTargetPlatform
[2019.03.30-19.44.03:699][  0]LogTemp: Display: Loaded TP AndroidTargetPlatform
[2019.03.30-19.44.03:699][  0]LogTemp: Display: Loaded TP AndroidTargetPlatform
[2019.03.30-19.44.03:700][  0]LogTemp: Display: Loaded TP AndroidTargetPlatform
[2019.03.30-19.44.03:700][  0]LogTemp: Display: Loaded TP AndroidTargetPlatform
[2019.03.30-19.44.03:700][  0]LogTemp: Display: Loaded TP AndroidTargetPlatform
[2019.03.30-19.44.03:700][  0]LogTemp: Display: Loaded TP AndroidTargetPlatform
[2019.03.30-19.44.03:700][  0]LogTemp: Display: Loaded TP AndroidTargetPlatform
[2019.03.30-19.44.03:700][  0]LogTemp: Display: Loaded TP AndroidTargetPlatform
[2019.03.30-19.44.03:700][  0]LogTemp: Display: Loaded TP AndroidTargetPlatform
[2019.03.30-19.44.03:700][  0]LogTemp: Display: Loaded TP AndroidTargetPlatform
[2019.03.30-19.44.03:700][  0]LogTemp: Display: Loaded TP AndroidTargetPlatform
[2019.03.30-19.44.03:700][  0]LogTemp: Display: Loaded TP AndroidTargetPlatform
[2019.03.30-19.44.03:700][  0]LogTemp: Display: Loaded TP AndroidTargetPlatform
[2019.03.30-19.44.03:700][  0]LogTemp: Display: Loaded TP AndroidTargetPlatform
[2019.03.30-19.44.03:702][  0]LogTemp: Display: Loaded TP HTML5TargetPlatform
[2019.03.30-19.44.03:783][  0]LogTemp: Display: Loaded TP IOSTargetPlatform
[2019.03.30-19.44.03:783][  0]LogTemp: Display: Loaded TP IOSTargetPlatform
[2019.03.30-19.44.03:828][  0]LogTemp: Display: Loaded TP TVOSTargetPlatform
[2019.03.30-19.44.03:828][  0]LogTemp: Display: Loaded TP TVOSTargetPlatform
[2019.03.30-19.44.03:858][  0]LogTemp: Display: Loaded TP LinuxClientTargetPlatform
[2019.03.30-19.44.03:880][  0]LogTemp: Display: Loaded TP LinuxNoEditorTargetPlatform
[2019.03.30-19.44.03:903][  0]LogTemp: Display: Loaded TP LinuxServerTargetPlatform
[2019.03.30-19.44.03:934][  0]LogTemp: Display: Loaded TP LinuxTargetPlatform
[2019.03.30-19.44.04:003][  0]LogTemp: Display: Loaded TP LuminTargetPlatform
[2019.03.30-19.44.04:004][  0]LogTemp: Display: Loaded TP LuminTargetPlatform
[2019.03.30-19.44.04:004][  0]LogTargetPlatformManager: Display: Building Assets For Windows
[2019.03.30-19.44.04:105][  0]LogShaderCompilers: Guid format shader working directory is -22 characters bigger than the processId version (../../../../../../Users/jvpos/source/repos/UnrealTicTacToe/TicTacToe/Intermediate/Shaders/WorkingDirectory/3520/).
[2019.03.30-19.44.04:105][  0]LogShaderCompilers: Cleaned the shader compiler working directory 'C:/Users/jvpos/AppData/Local/Temp/UnrealShaderWorkingDir/85D045084CFDD49539D3DD9387E5F32C/'.
[2019.03.30-19.44.04:108][  0]LogXGEController: Cannot use XGE Controller as Incredibuild is not installed on this machine.
[2019.03.30-19.44.04:108][  0]LogShaderCompilers: Cannot use XGE Shader Compiler as Incredibuild is not installed on this machine.
[2019.03.30-19.44.04:108][  0]LogShaderCompilers: Display: Using Local Shader Compiler.
[2019.03.30-19.44.05:025][  0]LogDerivedDataCache: Display: Max Cache Size: 512 MB
[2019.03.30-19.44.05:097][  0]LogDerivedDataCache: Loaded boot cache 0.07s 71MB C:/Users/jvpos/AppData/Local/UnrealEngine/4.21/DerivedDataCache/Boot.ddc.
[2019.03.30-19.44.05:097][  0]LogDerivedDataCache: Display: Loaded Boot cache: C:/Users/jvpos/AppData/Local/UnrealEngine/4.21/DerivedDataCache/Boot.ddc
[2019.03.30-19.44.05:097][  0]LogDerivedDataCache: FDerivedDataBackendGraph:  Pak pak cache file ../../../../../../Users/jvpos/source/repos/UnrealTicTacToe/TicTacToe/DerivedDataCache/DDC.ddp not found, will not use a pak cache.
[2019.03.30-19.44.05:098][  0]LogDerivedDataCache: Unable to find inner node Pak for hierarchical cache Hierarchy.
[2019.03.30-19.44.05:098][  0]LogDerivedDataCache: FDerivedDataBackendGraph:  CompressedPak pak cache file ../../../../../../Users/jvpos/source/repos/UnrealTicTacToe/TicTacToe/DerivedDataCache/Compressed.ddp not found, will not use a pak cache.
[2019.03.30-19.44.05:098][  0]LogDerivedDataCache: Unable to find inner node CompressedPak for hierarchical cache Hierarchy.
[2019.03.30-19.44.05:119][  0]LogDerivedDataCache: Display: Pak cache opened for reading ../../../Engine/DerivedDataCache/Compressed.ddp.
[2019.03.30-19.44.05:119][  0]LogDerivedDataCache: FDerivedDataBackendGraph:  EnterprisePak pak cache file ../../../Enterprise/DerivedDataCache/Compressed.ddp not found, will not use a pak cache.
[2019.03.30-19.44.05:119][  0]LogDerivedDataCache: Unable to find inner node EnterprisePak for hierarchical cache Hierarchy.
[2019.03.30-19.44.05:131][  0]LogDerivedDataCache: Using Local data cache path C:/Users/jvpos/AppData/Local/UnrealEngine/Common/DerivedDataCache: Writable
[2019.03.30-19.44.05:131][  0]LogDerivedDataCache: Shared data cache path not found in *engine.ini, will not use an Shared cache.
[2019.03.30-19.44.05:131][  0]LogDerivedDataCache: Unable to find inner node Shared for hierarchical cache Hierarchy.
[2019.03.30-19.44.05:189][  0]LogMaterial: Verifying Global Shaders for PCD3D_SM5
[2019.03.30-19.44.05:192][  0]LogSlate: Using FreeType 2.6.0
[2019.03.30-19.44.05:193][  0]LogSlate: SlateFontServices - WITH_FREETYPE: 1, WITH_HARFBUZZ: 1
[2019.03.30-19.44.05:386][  0]LogAssetRegistry: FAssetRegistry took 0.0562 seconds to start up
[2019.03.30-19.44.06:069][  0]LogInit: Selected Device Profile: [Windows]
[2019.03.30-19.44.06:280][  0]LogSimplygon: Simplygon DLL not present - disabling.
[2019.03.30-19.44.06:291][  0]LogMeshReduction: Using SimplygonSwarm for distributed automatic mesh merging
[2019.03.30-19.44.06:291][  0]LogMeshReduction: Using ProxyLODMeshReduction for automatic mesh merging
[2019.03.30-19.44.06:291][  0]LogMeshReduction: Using QuadricMeshReduction for automatic static mesh reduction
[2019.03.30-19.44.06:291][  0]LogMeshReduction: No automatic skeletal mesh reduction module available
[2019.03.30-19.44.06:482][  0]LogNetVersion: TicTacToe 1.0.0, NetCL: 4541578, EngineNetVer: 5, GameNetVer: 0 (Checksum: 4144355946)
[2019.03.30-19.44.07:376][  0]LogPackageLocalizationCache: Processed 11 localized package path(s) for 2 prioritized culture(s) in 0.131449 seconds
[2019.03.30-19.44.07:385][  0]LogUObjectArray: 39775 objects as part of root set at end of initial load.
[2019.03.30-19.44.07:385][  0]LogUObjectAllocator: 6914656 out of 0 bytes used by permanent object pool.
[2019.03.30-19.44.07:385][  0]LogUObjectArray: CloseDisregardForGC: 0/0 objects in disregard for GC pool
[2019.03.30-19.44.08:808][  0]LogTcpMessaging: Initializing TcpMessaging bridge
[2019.03.30-19.44.08:843][  0]LogUdpMessaging: Initializing bridge on interface 0.0.0.0:0 to multicast group 230.0.0.1:6666.
[2019.03.30-19.44.10:009][  0]SourceControl: Source control is disabled
[2019.03.30-19.44.10:010][  0]SourceControl: Source control is disabled
[2019.03.30-19.44.10:011][  0]SourceControl: Source control is disabled
[2019.03.30-19.44.10:013][  0]SourceControl: Source control is disabled
[2019.03.30-19.44.10:200][  0]LogAndroidPermission: UAndroidPermissionCallbackProxy::GetInstance
[2019.03.30-19.44.10:270][  0]LogOcInput: OculusInput pre-init called
[2019.03.30-19.44.10:464][  0]LogEngine: Initializing Engine...
[2019.03.30-19.44.10:465][  0]LogHMD: Failed to initialize OpenVR with code 110
[2019.03.30-19.44.10:467][  0]LogStats: UGameplayTagsManager::ConstructGameplayTagTree: ImportINI prefixes -  0.000 s
[2019.03.30-19.44.10:467][  0]LogStats: UGameplayTagsManager::ConstructGameplayTagTree: Construct from data asset -  0.000 s
[2019.03.30-19.44.10:467][  0]LogStats: UGameplayTagsManager::ConstructGameplayTagTree: ImportINI -  0.000 s
[2019.03.30-19.44.10:467][  0]LogStats: UGameplayTagsManager::ConstructGameplayTagTree: GameplayTagTreeChangedEvent.Broadcast -  0.000 s
[2019.03.30-19.44.11:021][  0]LogInit: Initializing FReadOnlyCVARCache
[2019.03.30-19.44.11:061][  0]LogAIModule: Creating AISystem for world Untitled
[2019.03.30-19.44.11:353][  0]LogInit: XAudio2 using 'Speakers (Realtek High Definition Audio(SST))' : 2 channels at 48 kHz using 32 bits per sample (channel mask 0x3)
[2019.03.30-19.44.11:494][  0]LogInit: FAudioDevice initialized.
[2019.03.30-19.44.11:495][  0]LogNetVersion: Set ProjectVersion to 1.0.0.0. Version Checksum will be recalculated on next use.
[2019.03.30-19.44.11:572][  0]LogDerivedDataCache: Saved boot cache 0.08s 71MB C:/Users/jvpos/AppData/Local/UnrealEngine/4.21/DerivedDataCache/Boot.ddc.
[2019.03.30-19.44.11:576][  0]LogInit: Texture streaming: Enabled
[2019.03.30-19.44.11:616][  0]LogEngineSessionManager: EngineSessionManager initialized
[2019.03.30-19.44.11:654][  0]LogInit: Transaction tracking system initialized
[2019.03.30-19.44.11:722][  0]BlueprintLog: New page: Editor Load
[2019.03.30-19.44.11:888][  0]LogInit: Warning: CVar named 'r.MobileHDR' marked up in RendererSettings was not found or is set to read-only
[2019.03.30-19.44.12:095][  0]LocalizationService: Localization service is disabled
[2019.03.30-19.44.12:463][  0]LogLinker: Warning: Can't find file '/Game/PuzzleBP/Tutorial/Part1-Overview'
[2019.03.30-19.44.12:463][  0]LogLinker: Warning: Can't find file '/Game/PuzzleBP/Tutorial/Part1-Overview'
[2019.03.30-19.44.12:463][  0]LogUObjectGlobals: Warning: Failed to find object 'Class /Game/PuzzleBP/Tutorial/Part1-Overview.Part1-Overview_C'
[2019.03.30-19.44.12:464][  0]LogLinker: Warning: Can't find file '/Game/PuzzleBP/Tutorial/Part2-BlockBlueprint'
[2019.03.30-19.44.12:464][  0]LogLinker: Warning: Can't find file '/Game/PuzzleBP/Tutorial/Part2-BlockBlueprint'
[2019.03.30-19.44.12:464][  0]LogUObjectGlobals: Warning: Failed to find object 'Class /Game/PuzzleBP/Tutorial/Part2-BlockBlueprint.Part2-BlockBlueprint_C'
[2019.03.30-19.44.12:464][  0]LogLinker: Warning: Can't find file '/Game/PuzzleBP/Tutorial/Part2b-BlockBLueprintComponents'
[2019.03.30-19.44.12:464][  0]LogLinker: Warning: Can't find file '/Game/PuzzleBP/Tutorial/Part2b-BlockBLueprintComponents'
[2019.03.30-19.44.12:464][  0]LogUObjectGlobals: Warning: Failed to find object 'Class /Game/PuzzleBP/Tutorial/Part2b-BlockBLueprintComponents.Part2b-BlockBLueprintComponents_C'
[2019.03.30-19.44.12:464][  0]LogLinker: Warning: Can't find file '/Game/PuzzleBP/Tutorial/Part3-GridBlueprint'
[2019.03.30-19.44.12:465][  0]LogLinker: Warning: Can't find file '/Game/PuzzleBP/Tutorial/Part3-GridBlueprint'
[2019.03.30-19.44.12:465][  0]LogUObjectGlobals: Warning: Failed to find object 'Class /Game/PuzzleBP/Tutorial/Part3-GridBlueprint.Part3-GridBlueprint_C'
[2019.03.30-19.44.12:465][  0]LogLinker: Warning: Can't find file '/Game/PuzzleBP/Tutorial/Part4-GridBluepint2'
[2019.03.30-19.44.12:465][  0]LogLinker: Warning: Can't find file '/Game/PuzzleBP/Tutorial/Part4-GridBluepint2'
[2019.03.30-19.44.12:465][  0]LogUObjectGlobals: Warning: Failed to find object 'Class /Game/PuzzleBP/Tutorial/Part4-GridBluepint2.Part4-GridBluepint2_C'
[2019.03.30-19.44.12:812][  0]LogFileCache: Scanning file cache for directory 'C:/Users/jvpos/source/repos/UnrealTicTacToe/TicTacToe/Content/' took 0.01s
[2019.03.30-19.44.12:812][  0]LogCook: Display: Max memory allowance for cook 16384mb min free memory 0mb
[2019.03.30-19.44.12:812][  0]LogCook: Display: Mobile HDR setting 0
[2019.03.30-19.44.12:812][  0]LogGameplayTags: Display: UGameplayTagsManager::DoneAddingNativeTags. DelegateIsBound: 0
[2019.03.30-19.44.12:812][  0]LogStats: UGameplayTagsManager::ConstructGameplayTagTree: ImportINI prefixes -  0.000 s
[2019.03.30-19.44.12:813][  0]LogStats: UGameplayTagsManager::ConstructGameplayTagTree: Construct from data asset -  0.000 s
[2019.03.30-19.44.12:813][  0]LogStats: UGameplayTagsManager::ConstructGameplayTagTree: ImportINI -  0.000 s
[2019.03.30-19.44.12:813][  0]LogStats: UGameplayTagsManager::ConstructGameplayTagTree: GameplayTagTreeChangedEvent.Broadcast -  0.000 s
[2019.03.30-19.44.13:042][  0]SourceControl: Source control is disabled
[2019.03.30-19.44.13:042][  0]Cmd: MAP LOAD FILE="../../../../../../Users/jvpos/source/repos/UnrealTicTacToe/TicTacToe/Content/PuzzleCPP/Maps/PuzzleExampleMap.umap" TEMPLATE=0 SHOWPROGRESS=1 FEATURELEVEL=3
[2019.03.30-19.44.13:042][  0]LightingResults: New page: Lighting Build
[2019.03.30-19.44.13:047][  0]MapCheck: New page: Map Check
[2019.03.30-19.44.13:047][  0]LightingResults: New page: Lighting Build
[2019.03.30-19.44.13:339][  0]LogTexture: Display: Building textures: HQ_Lightmap0_1 (AutoDXT, 128X128)
[2019.03.30-19.44.13:339][  0]LogTexture: Display: Building textures: HQ_Lightmap0_2 (AutoDXT, 64X64)
[2019.03.30-19.44.13:339][  0]LogTexture: Display: Building textures: LQ_Lightmap_0_1 (DXT1, 128X128)
[2019.03.30-19.44.13:339][  0]LogTexture: Display: Building textures: LQ_Lightmap_0_2 (DXT1, 64X64)
[2019.03.30-19.44.13:339][  0]LogTexture: Display: Building textures: SkyOcclusion0_1 (AutoDXT, 128X64)
[2019.03.30-19.44.13:339][  0]LogTexture: Display: Building textures: SkyOcclusion0_2 (AutoDXT, 64X32)
[2019.03.30-19.44.13:339][  0]LogTexture: Display: Building textures: ShadowMapTexture2D_0 (G8, 128X64)
[2019.03.30-19.44.13:339][  0]LogTexture: Display: Building textures: ShadowMapTexture2D_1 (G8, 64X32)
[2019.03.30-19.44.13:340][  0]LogAIModule: Creating AISystem for world PuzzleExampleMap
[2019.03.30-19.44.13:349][  0]LogEditorServer: Finished looking for orphan Actors (0.000 secs)
[2019.03.30-19.44.13:381][  0]Cmd: MAP CHECKDEP NOCLEARLOG
[2019.03.30-19.44.13:381][  0]MapCheck: Map check complete: 0 Error(s), 0 Warning(s), took 0.165ms to complete.
[2019.03.30-19.44.13:382][  0]LogFileHelpers: Loading map 'PuzzleExampleMap' took 0.339
[2019.03.30-19.44.13:538][  0]LogSlate: Updating window title bar state: overlay mode, drag disabled, window buttons hidden, title bar hidden
[2019.03.30-19.44.13:550][  0]LogSlate: Updating window title bar state: overlay mode, drag disabled, window buttons hidden, title bar hidden
[2019.03.30-19.44.13:562][  0]LogSlate: Updating window title bar state: overlay mode, drag disabled, window buttons hidden, title bar hidden
[2019.03.30-19.44.13:575][  0]LogSlate: Updating window title bar state: overlay mode, drag disabled, window buttons hidden, title bar hidden
[2019.03.30-19.44.13:592][  0]LogCollectionManager: Loaded 0 collections in 0.003110 seconds
[2019.03.30-19.44.13:641][  0]LogFileCache: Scanning file cache for directory 'C:/Users/jvpos/source/repos/UnrealTicTacToe/TicTacToe/Saved/Collections/' took 0.01s
[2019.03.30-19.44.13:641][  0]LogFileCache: Scanning file cache for directory 'C:/Users/jvpos/source/repos/UnrealTicTacToe/TicTacToe/Content/Developers/jvpos/Collections/' took 0.01s
[2019.03.30-19.44.13:641][  0]LogFileCache: Scanning file cache for directory 'C:/Users/jvpos/source/repos/UnrealTicTacToe/TicTacToe/Content/Collections/' took 0.01s
[2019.03.30-19.44.13:641][  0]LogCollectionManager: Rebuilt the GUID cache for 0 collections in 0.000001 seconds
[2019.03.30-19.44.13:658][  0]LogContentBrowser: Native class hierarchy populated in 0.0169 seconds. Added 2656 classes and 622 folders.
[2019.03.30-19.44.13:670][  0]LogContentBrowser: Native class hierarchy updated for 'WidgetCarousel' in 0.0008 seconds. Added 0 classes and 0 folders.
[2019.03.30-19.44.13:673][  0]LogPakFile: Registered encryption key '00000000000000000000000000000000': 0 pak files mounted, 0 remain pending
[2019.03.30-19.44.13:674][  0]LogPakFile: Registered encryption key '00000000000000000000000000000000': 0 pak files mounted, 0 remain pending
[2019.03.30-19.44.13:675][  0]LogPakFile: Registered encryption key '00000000000000000000000000000000': 0 pak files mounted, 0 remain pending
[2019.03.30-19.44.13:676][  0]LogPakFile: Registered encryption key '00000000000000000000000000000000': 0 pak files mounted, 0 remain pending
[2019.03.30-19.44.13:676][  0]LogPakFile: Registered encryption key '00000000000000000000000000000000': 0 pak files mounted, 0 remain pending
[2019.03.30-19.44.13:677][  0]LogPakFile: Registered encryption key '00000000000000000000000000000000': 0 pak files mounted, 0 remain pending
[2019.03.30-19.44.13:678][  0]LogPakFile: Registered encryption key '00000000000000000000000000000000': 0 pak files mounted, 0 remain pending
[2019.03.30-19.44.13:679][  0]LogPakFile: Registered encryption key '00000000000000000000000000000000': 0 pak files mounted, 0 remain pending
[2019.03.30-19.44.13:680][  0]LogPakFile: Registered encryption key '00000000000000000000000000000000': 0 pak files mounted, 0 remain pending
[2019.03.30-19.44.13:680][  0]LogPakFile: Registered encryption key '00000000000000000000000000000000': 0 pak files mounted, 0 remain pending
[2019.03.30-19.44.13:681][  0]LogPakFile: Registered encryption key '00000000000000000000000000000000': 0 pak files mounted, 0 remain pending
[2019.03.30-19.44.13:682][  0]LogPakFile: Registered encryption key '00000000000000000000000000000000': 0 pak files mounted, 0 remain pending
[2019.03.30-19.44.13:683][  0]LogPakFile: Registered encryption key '00000000000000000000000000000000': 0 pak files mounted, 0 remain pending
[2019.03.30-19.44.13:684][  0]LogPakFile: Registered encryption key '00000000000000000000000000000000': 0 pak files mounted, 0 remain pending
[2019.03.30-19.44.13:684][  0]LogPakFile: Registered encryption key '00000000000000000000000000000000': 0 pak files mounted, 0 remain pending
[2019.03.30-19.44.13:685][  0]LogPakFile: Registered encryption key '00000000000000000000000000000000': 0 pak files mounted, 0 remain pending
[2019.03.30-19.44.13:686][  0]LogPakFile: Registered encryption key '00000000000000000000000000000000': 0 pak files mounted, 0 remain pending
[2019.03.30-19.44.13:686][  0]LogPakFile: Registered encryption key '00000000000000000000000000000000': 0 pak files mounted, 0 remain pending
[2019.03.30-19.44.13:687][  0]LogPakFile: Registered encryption key '00000000000000000000000000000000': 0 pak files mounted, 0 remain pending
[2019.03.30-19.44.13:688][  0]LogPakFile: Registered encryption key '00000000000000000000000000000000': 0 pak files mounted, 0 remain pending
[2019.03.30-19.44.13:688][  0]LogPakFile: Registered encryption key '00000000000000000000000000000000': 0 pak files mounted, 0 remain pending
[2019.03.30-19.44.13:689][  0]LogPakFile: Registered encryption key '00000000000000000000000000000000': 0 pak files mounted, 0 remain pending
[2019.03.30-19.44.13:690][  0]LogPakFile: Registered encryption key '00000000000000000000000000000000': 0 pak files mounted, 0 remain pending
[2019.03.30-19.44.13:691][  0]LogPakFile: Registered encryption key '00000000000000000000000000000000': 0 pak files mounted, 0 remain pending
[2019.03.30-19.44.13:691][  0]LogPakFile: Registered encryption key '00000000000000000000000000000000': 0 pak files mounted, 0 remain pending
[2019.03.30-19.44.13:692][  0]LogPakFile: Registered encryption key '00000000000000000000000000000000': 0 pak files mounted, 0 remain pending
[2019.03.30-19.44.13:762][  0]LogContentBrowser: Native class hierarchy updated for 'AddContentDialog' in 0.0008 seconds. Added 0 classes and 0 folders.
[2019.03.30-19.44.13:772][  0]LogContentBrowser: Native class hierarchy updated for 'SceneOutliner' in 0.0006 seconds. Added 1 classes and 2 folders.
[2019.03.30-19.44.16:009][  0]LogSlate: Only BGRA pngs, bmps or icos are supported in by External Image Picker
[2019.03.30-19.44.16:077][  0]LogSlate: Took 0.000342 seconds to synchronously load lazily loaded font '../../../Engine/Content/Slate/Fonts/Roboto-Regular.ttf' (155K)
[2019.03.30-19.44.16:084][  0]LogSlate: Took 0.000471 seconds to synchronously load lazily loaded font '../../../Engine/Content/Slate/Fonts/Roboto-Bold.ttf' (160K)
[2019.03.30-19.44.16:110][  0]LogSlate: Took 0.008952 seconds to synchronously load lazily loaded font '../../../Engine/Content/Editor/Slate/Fonts/FontAwesome.ttf' (139K)
[2019.03.30-19.44.16:303][  0]LogTemp: Executing iPhonePackager certificates Engine -bundlename com.YourCompany.TicTacToe
[2019.03.30-19.44.16:303][  0]LogTemp: CWD: C:\Program Files\Epic Games\UE_4.21\Engine\Binaries\DotNET\IOS
[2019.03.30-19.44.16:303][  0]LogTemp: Initial Dir: C:\Program Files\Epic Games\UE_4.21
[2019.03.30-19.44.16:303][  0]LogTemp: Env CWD: C:\Program Files\Epic Games\UE_4.21\Engine\Binaries\DotNET\IOS
[2019.03.30-19.44.16:303][  0]LogTemp: BranchPath = POSTMITA/C/Program Files/Epic Games/UE_4.21/Engine/Binaries --- GameBranchPath = POSTMITA/C/Program Files/Epic Games/UE_4.21/Engine/Binaries
[2019.03.30-19.44.16:303][  0]LogTemp: IPP ERROR: Could not find provision directory 'C:\Users\jvpos\AppData\Local/Apple Computer/MobileDevice/Provisioning Profiles/'.
[2019.03.30-19.44.16:303][  0]LogRenderer: Reallocating scene render targets to support 860x468 Format 10 NumSamples 1 (Frame:1).
[2019.03.30-19.44.16:886][  0]LogContentBrowser: Native class hierarchy updated for 'HierarchicalLODOutliner' in 0.0016 seconds. Added 0 classes and 0 folders.
[2019.03.30-19.44.16:887][  0]LogLoad: (Engine Initialization) Total time: 18.35 seconds
[2019.03.30-19.44.16:887][  0]LogLoad: (Engine Initialization) Total Blueprint compile time: 0.00 seconds
[2019.03.30-19.44.16:912][  0]LogWindowsTextInputMethodSystem: Display: IME system now deactivated.
[2019.03.30-19.44.17:074][  0]LogContentStreaming: Texture pool size now 1000 MB
[2019.03.30-19.44.17:452][  2]LogAssetRegistry: Asset discovery search completed in 12.0910 seconds
[2019.03.30-19.44.17:455][  2]LogCollectionManager: Rebuilt the object cache for 0 collections in 0.000000 seconds (found 0 objects)
[2019.03.30-19.44.17:455][  2]LogCollectionManager: Fixed up redirectors for 0 collections in 0.000087 seconds (updated 0 objects)
[2019.03.30-19.48.06:882][952]LogSlate: FSceneViewport::OnFocusLost() reason 0
[2019.03.30-19.48.37:718][118]LogSlate: Window 'Source Control Login' being destroyed
[2019.03.30-19.51.53:906][144]LogTemp: Repeating last play command: Selected Viewport
[2019.03.30-19.51.53:959][144]LogBlueprintUserMessages: Early PlayInEditor Detection: Level '/Game/PuzzleCPP/Maps/PuzzleExampleMap.PuzzleExampleMap:PersistentLevel' has LevelScriptBlueprint '/Game/PuzzleCPP/Maps/PuzzleExampleMap.PuzzleExampleMap:PersistentLevel.PuzzleExampleMap' with GeneratedClass '/Game/PuzzleCPP/Maps/PuzzleExampleMap.PuzzleExampleMap_C' with ClassGeneratedBy '/Game/PuzzleCPP/Maps/PuzzleExampleMap.PuzzleExampleMap:PersistentLevel.PuzzleExampleMap'
[2019.03.30-19.51.53:959][144]LogPlayLevel: PlayLevel: No blueprints needed recompiling
[2019.03.30-19.51.53:979][144]PIE: New page: PIE session: PuzzleExampleMap (Mar 30, 2019, 7:51:53 AM)
[2019.03.30-19.51.53:993][144]LogPlayLevel: Creating play world package: /Game/PuzzleCPP/Maps/UEDPIE_0_PuzzleExampleMap
[2019.03.30-19.51.54:045][144]LogPlayLevel: PIE: StaticDuplicateObject took: (0.051372s)
[2019.03.30-19.51.54:047][144]LogAIModule: Creating AISystem for world PuzzleExampleMap
[2019.03.30-19.51.54:048][144]LogPlayLevel: PIE: World Init took: (0.002449s)
[2019.03.30-19.51.54:048][144]LogPlayLevel: PIE: Created PIE world by copying editor world from /Game/PuzzleCPP/Maps/PuzzleExampleMap.PuzzleExampleMap to /Game/PuzzleCPP/Maps/UEDPIE_0_PuzzleExampleMap.PuzzleExampleMap (0.054649s)
[2019.03.30-19.51.54:121][144]LogInit: XAudio2 using 'Speakers (Realtek High Definition Audio(SST))' : 2 channels at 48 kHz using 32 bits per sample (channel mask 0x3)
[2019.03.30-19.51.54:170][144]LogInit: FAudioDevice initialized.
[2019.03.30-19.51.54:231][144]LogLoad: Game class is 'TicTacToeGameMode'
[2019.03.30-19.51.54:239][144]LogWorld: Bringing World /Game/PuzzleCPP/Maps/UEDPIE_0_PuzzleExampleMap.PuzzleExampleMap up for play (max tick rate 60) at 2019.03.30-13.51.54
[2019.03.30-19.51.54:240][144]LogWorld: Bringing up level for play took: 0.003254
[2019.03.30-19.51.54:297][144]LogContentBrowser: Native class hierarchy updated for 'MovieSceneCapture' in 0.0016 seconds. Added 20 classes and 0 folders.
[2019.03.30-19.51.54:304][144]PIE: Play in editor start time for /Game/PuzzleCPP/Maps/UEDPIE_0_PuzzleExampleMap 0.557
[2019.03.30-19.51.54:305][144]LogBlueprintUserMessages: Late PlayInEditor Detection: Level '/Game/PuzzleCPP/Maps/PuzzleExampleMap.PuzzleExampleMap:PersistentLevel' has LevelScriptBlueprint '/Game/PuzzleCPP/Maps/PuzzleExampleMap.PuzzleExampleMap:PersistentLevel.PuzzleExampleMap' with GeneratedClass '/Game/PuzzleCPP/Maps/PuzzleExampleMap.PuzzleExampleMap_C' with ClassGeneratedBy '/Game/PuzzleCPP/Maps/PuzzleExampleMap.PuzzleExampleMap:PersistentLevel.PuzzleExampleMap'
[2019.03.30-19.52.01:377][389]LogSlate: FSceneViewport::OnFocusLost() reason 0
[2019.03.30-19.52.01:595][400]LogBlueprintUserMessages: Early EndPlayMap Detection: Level '/Game/PuzzleCPP/Maps/PuzzleExampleMap.PuzzleExampleMap:PersistentLevel' has LevelScriptBlueprint '/Game/PuzzleCPP/Maps/PuzzleExampleMap.PuzzleExampleMap:PersistentLevel.PuzzleExampleMap' with GeneratedClass '/Game/PuzzleCPP/Maps/PuzzleExampleMap.PuzzleExampleMap_C' with ClassGeneratedBy '/Game/PuzzleCPP/Maps/PuzzleExampleMap.PuzzleExampleMap:PersistentLevel.PuzzleExampleMap'
[2019.03.30-19.52.01:595][400]LogSlate: Updating window title bar state: overlay mode, drag disabled, window buttons hidden, title bar hidden
[2019.03.30-19.52.01:646][400]LogPlayLevel: Display: Shutting down PIE online subsystems
[2019.03.30-19.52.01:646][400]LogBlueprintUserMessages: Late EndPlayMap Detection: Level '/Game/PuzzleCPP/Maps/PuzzleExampleMap.PuzzleExampleMap:PersistentLevel' has LevelScriptBlueprint '/Game/PuzzleCPP/Maps/PuzzleExampleMap.PuzzleExampleMap:PersistentLevel.PuzzleExampleMap' with GeneratedClass '/Game/PuzzleCPP/Maps/PuzzleExampleMap.PuzzleExampleMap_C' with ClassGeneratedBy '/Game/PuzzleCPP/Maps/PuzzleExampleMap.PuzzleExampleMap:PersistentLevel.PuzzleExampleMap'
[2019.03.30-19.52.01:694][400]LogSlate: Updating window title bar state: overlay mode, drag disabled, window buttons hidden, title bar hidden
[2019.03.30-19.52.01:726][401]LogPlayLevel: Display: Destroying online subsystem :Context_2
[2019.03.30-19.54.15:638][621]LogSlate: Took 0.000424 seconds to synchronously load lazily loaded font '../../../Engine/Content/Slate/Fonts/Roboto-Light.ttf' (167K)
[2019.03.30-19.59.11:248][151]LogUnrealEdMisc: Warning: Heartbeat event firing too frequently (0.000 sec). This should never happen. Something is wrong with the timer delegate!
[2019.03.30-19.59.16:930][293]LogUnrealEdMisc: Warning: Heartbeat event firing too frequently (5.682 sec). This should never happen. Something is wrong with the timer delegate!
[2019.03.30-20.01.29:463][738]LogTemp: Repeating last play command: Selected Viewport
[2019.03.30-20.01.29:498][738]LogBlueprintUserMessages: Early PlayInEditor Detection: Level '/Game/PuzzleCPP/Maps/PuzzleExampleMap.PuzzleExampleMap:PersistentLevel' has LevelScriptBlueprint '/Game/PuzzleCPP/Maps/PuzzleExampleMap.PuzzleExampleMap:PersistentLevel.PuzzleExampleMap' with GeneratedClass '/Game/PuzzleCPP/Maps/PuzzleExampleMap.PuzzleExampleMap_C' with ClassGeneratedBy '/Game/PuzzleCPP/Maps/PuzzleExampleMap.PuzzleExampleMap:PersistentLevel.PuzzleExampleMap'
[2019.03.30-20.01.29:498][738]LogPlayLevel: PlayLevel: No blueprints needed recompiling
[2019.03.30-20.01.29:499][738]PIE: New page: PIE session: PuzzleExampleMap (Mar 30, 2019, 8:01:29 AM)
[2019.03.30-20.01.29:499][738]LogPlayLevel: Creating play world package: /Game/PuzzleCPP/Maps/UEDPIE_0_PuzzleExampleMap
[2019.03.30-20.01.29:517][738]LogPlayLevel: PIE: StaticDuplicateObject took: (0.018121s)
[2019.03.30-20.01.29:518][738]LogAIModule: Creating AISystem for world PuzzleExampleMap
[2019.03.30-20.01.29:518][738]LogPlayLevel: PIE: World Init took: (0.001067s)
[2019.03.30-20.01.29:518][738]LogPlayLevel: PIE: Created PIE world by copying editor world from /Game/PuzzleCPP/Maps/PuzzleExampleMap.PuzzleExampleMap to /Game/PuzzleCPP/Maps/UEDPIE_0_PuzzleExampleMap.PuzzleExampleMap (0.019411s)
[2019.03.30-20.01.29:563][738]LogInit: XAudio2 using 'Speakers (Realtek High Definition Audio(SST))' : 2 channels at 48 kHz using 32 bits per sample (channel mask 0x3)
[2019.03.30-20.01.29:592][738]LogInit: FAudioDevice initialized.
[2019.03.30-20.01.29:631][738]LogLoad: Game class is 'TicTacToeGameMode'
[2019.03.30-20.01.29:634][738]LogWorld: Bringing World /Game/PuzzleCPP/Maps/UEDPIE_0_PuzzleExampleMap.PuzzleExampleMap up for play (max tick rate 60) at 2019.03.30-14.01.29
[2019.03.30-20.01.29:634][738]LogWorld: Bringing up level for play took: 0.001736
[2019.03.30-20.01.29:649][738]PIE: Play in editor start time for /Game/PuzzleCPP/Maps/UEDPIE_0_PuzzleExampleMap -0.098
[2019.03.30-20.01.29:650][738]LogBlueprintUserMessages: Late PlayInEditor Detection: Level '/Game/PuzzleCPP/Maps/PuzzleExampleMap.PuzzleExampleMap:PersistentLevel' has LevelScriptBlueprint '/Game/PuzzleCPP/Maps/PuzzleExampleMap.PuzzleExampleMap:PersistentLevel.PuzzleExampleMap' with GeneratedClass '/Game/PuzzleCPP/Maps/PuzzleExampleMap.PuzzleExampleMap_C' with ClassGeneratedBy '/Game/PuzzleCPP/Maps/PuzzleExampleMap.PuzzleExampleMap:PersistentLevel.PuzzleExampleMap'
[2019.03.30-20.01.38:467][ 46]LogSlate: FSceneViewport::OnFocusLost() reason 0
[2019.03.30-20.01.42:008][174]LogBlueprintUserMessages: Early EndPlayMap Detection: Level '/Game/PuzzleCPP/Maps/PuzzleExampleMap.PuzzleExampleMap:PersistentLevel' has LevelScriptBlueprint '/Game/PuzzleCPP/Maps/PuzzleExampleMap.PuzzleExampleMap:PersistentLevel.PuzzleExampleMap' with GeneratedClass '/Game/PuzzleCPP/Maps/PuzzleExampleMap.PuzzleExampleMap_C' with ClassGeneratedBy '/Game/PuzzleCPP/Maps/PuzzleExampleMap.PuzzleExampleMap:PersistentLevel.PuzzleExampleMap'
[2019.03.30-20.01.42:009][174]LogSlate: Updating window title bar state: overlay mode, drag disabled, window buttons hidden, title bar hidden
[2019.03.30-20.01.42:074][174]LogPlayLevel: Display: Shutting down PIE online subsystems
[2019.03.30-20.01.42:074][174]LogBlueprintUserMessages: Late EndPlayMap Detection: Level '/Game/PuzzleCPP/Maps/PuzzleExampleMap.PuzzleExampleMap:PersistentLevel' has LevelScriptBlueprint '/Game/PuzzleCPP/Maps/PuzzleExampleMap.PuzzleExampleMap:PersistentLevel.PuzzleExampleMap' with GeneratedClass '/Game/PuzzleCPP/Maps/PuzzleExampleMap.PuzzleExampleMap_C' with ClassGeneratedBy '/Game/PuzzleCPP/Maps/PuzzleExampleMap.PuzzleExampleMap:PersistentLevel.PuzzleExampleMap'
[2019.03.30-20.01.42:142][174]LogSlate: Updating window title bar state: overlay mode, drag disabled, window buttons hidden, title bar hidden
[2019.03.30-20.01.42:188][175]LogPlayLevel: Display: Destroying online subsystem :Context_4
[2019.03.30-20.01.53:036][492]LogEditorViewport: Clicking on Actor (LMB): StaticMeshActor (CubeMesh)
[2019.03.30-20.02.12:168][ 80]LogEditorViewport: Clicking on Actor (LMB): StaticMeshActor (CubeMesh)
[2019.03.30-20.02.12:906][102]LogEditorViewport: Clicking on Actor (LMB): TextRenderActor (TemplateLabel)
[2019.03.30-20.02.17:021][230]Cmd: DELETE
[2019.03.30-20.02.17:021][230]Cmd: ACTOR DELETE
[2019.03.30-20.02.17:065][230]LogEditorActor: Deleted Actor: TextRenderActor
[2019.03.30-20.02.17:117][230]LogEditorActor: Deleted 1 Actors (0.078 secs)
[2019.03.30-20.02.19:185][299]Cmd: TRANSACTION UNDO
[2019.03.30-20.02.19:186][299]LogEditorTransaction: Undo Delete Actors
[2019.03.30-20.02.22:178][401]LogSlate: FSceneViewport::OnFocusLost() reason 0
[2019.03.30-20.02.55:005][499]LogSlate: Window 'Color Picker' being destroyed
[2019.03.30-20.03.29:540][479]LogEditorViewport: Clicking on Actor (LMB): TicTacToeBlockGrid (PuzzleBlockGrid)
[2019.03.30-20.03.38:840][768]LogEditorViewport: Clicking on Actor (LMB): StaticMeshActor (CubeMesh)
[2019.03.30-20.03.40:256][806]LogEditorViewport: Clicking on Actor (LMB): TicTacToeBlockGrid (PuzzleBlockGrid)
[2019.03.30-20.03.54:326][254]Cmd: TRANSACTION UNDO
[2019.03.30-20.03.54:326][254]LogEditorTransaction: Undo Clicking on Actors
[2019.03.30-20.03.55:023][284]Cmd: TRANSACTION UNDO
[2019.03.30-20.03.55:023][284]LogEditorTransaction: Undo Clicking on Actors
[2019.03.30-20.03.55:666][313]Cmd: TRANSACTION UNDO
[2019.03.30-20.03.55:666][313]LogEditorTransaction: Undo Move Actors
[2019.03.30-20.03.58:751][406]LogSlate: FSceneViewport::OnFocusLost() reason 0
[2019.03.30-20.03.59:479][410]LogSavePackage: Moving '../../../../../../Users/jvpos/source/repos/UnrealTicTacToe/TicTacToe/Saved/PuzzleExampleMapBC98AE4A4E4F06B1B3D743BF34384628.tmp' to '../../../../../../Users/jvpos/source/repos/UnrealTicTacToe/TicTacToe/Content/PuzzleCPP/Maps/PuzzleExampleMap.umap'
[2019.03.30-20.03.59:977][410]LogSavePackage: Moving '../../../../../../Users/jvpos/source/repos/UnrealTicTacToe/TicTacToe/Saved/PuzzleExampleMap_BuiltData77947A624FBFC9CEBD4FB980AD26EDA7.tmp' to '../../../../../../Users/jvpos/source/repos/UnrealTicTacToe/TicTacToe/Content/PuzzleCPP/Maps/PuzzleExampleMap_BuiltData.uasset'
[2019.03.30-20.04.10:607][745]LogSlate: FSceneViewport::OnFocusLost() reason 0
[2019.03.30-20.04.10:718][750]LogTemp: Repeating last play command: Selected Viewport
[2019.03.30-20.04.10:746][750]LogBlueprintUserMessages: Early PlayInEditor Detection: Level '/Game/PuzzleCPP/Maps/PuzzleExampleMap.PuzzleExampleMap:PersistentLevel' has LevelScriptBlueprint '/Game/PuzzleCPP/Maps/PuzzleExampleMap.PuzzleExampleMap:PersistentLevel.PuzzleExampleMap' with GeneratedClass '/Game/PuzzleCPP/Maps/PuzzleExampleMap.PuzzleExampleMap_C' with ClassGeneratedBy '/Game/PuzzleCPP/Maps/PuzzleExampleMap.PuzzleExampleMap:PersistentLevel.PuzzleExampleMap'
[2019.03.30-20.04.10:746][750]LogPlayLevel: PlayLevel: No blueprints needed recompiling
[2019.03.30-20.04.10:746][750]PIE: New page: PIE session: PuzzleExampleMap (Mar 30, 2019, 8:04:10 AM)
[2019.03.30-20.04.10:746][750]LogPlayLevel: Creating play world package: /Game/PuzzleCPP/Maps/UEDPIE_0_PuzzleExampleMap
[2019.03.30-20.04.10:770][750]LogPlayLevel: PIE: StaticDuplicateObject took: (0.023680s)
[2019.03.30-20.04.10:771][750]LogAIModule: Creating AISystem for world PuzzleExampleMap
[2019.03.30-20.04.10:772][750]LogPlayLevel: PIE: World Init took: (0.001597s)
[2019.03.30-20.04.10:772][750]LogPlayLevel: PIE: Created PIE world by copying editor world from /Game/PuzzleCPP/Maps/PuzzleExampleMap.PuzzleExampleMap to /Game/PuzzleCPP/Maps/UEDPIE_0_PuzzleExampleMap.PuzzleExampleMap (0.025581s)
[2019.03.30-20.04.10:824][750]LogInit: XAudio2 using 'Speakers (Realtek High Definition Audio(SST))' : 2 channels at 48 kHz using 32 bits per sample (channel mask 0x3)
[2019.03.30-20.04.10:861][750]LogInit: FAudioDevice initialized.
[2019.03.30-20.04.10:899][750]LogLoad: Game class is 'TicTacToeGameMode'
[2019.03.30-20.04.10:902][750]LogWorld: Bringing World /Game/PuzzleCPP/Maps/UEDPIE_0_PuzzleExampleMap.PuzzleExampleMap up for play (max tick rate 60) at 2019.03.30-14.04.10
[2019.03.30-20.04.10:902][750]LogWorld: Bringing up level for play took: 0.001442
[2019.03.30-20.04.10:919][750]PIE: Play in editor start time for /Game/PuzzleCPP/Maps/UEDPIE_0_PuzzleExampleMap 1.171
[2019.03.30-20.04.10:919][750]LogBlueprintUserMessages: Late PlayInEditor Detection: Level '/Game/PuzzleCPP/Maps/PuzzleExampleMap.PuzzleExampleMap:PersistentLevel' has LevelScriptBlueprint '/Game/PuzzleCPP/Maps/PuzzleExampleMap.PuzzleExampleMap:PersistentLevel.PuzzleExampleMap' with GeneratedClass '/Game/PuzzleCPP/Maps/PuzzleExampleMap.PuzzleExampleMap_C' with ClassGeneratedBy '/Game/PuzzleCPP/Maps/PuzzleExampleMap.PuzzleExampleMap:PersistentLevel.PuzzleExampleMap'
[2019.03.30-20.04.16:957][933]LogSlate: FSceneViewport::OnFocusLost() reason 0
[2019.03.30-20.04.17:079][938]LogBlueprintUserMessages: Early EndPlayMap Detection: Level '/Game/PuzzleCPP/Maps/PuzzleExampleMap.PuzzleExampleMap:PersistentLevel' has LevelScriptBlueprint '/Game/PuzzleCPP/Maps/PuzzleExampleMap.PuzzleExampleMap:PersistentLevel.PuzzleExampleMap' with GeneratedClass '/Game/PuzzleCPP/Maps/PuzzleExampleMap.PuzzleExampleMap_C' with ClassGeneratedBy '/Game/PuzzleCPP/Maps/PuzzleExampleMap.PuzzleExampleMap:PersistentLevel.PuzzleExampleMap'
[2019.03.30-20.04.17:079][938]LogSlate: Updating window title bar state: overlay mode, drag disabled, window buttons hidden, title bar hidden
[2019.03.30-20.04.17:138][938]LogPlayLevel: Display: Shutting down PIE online subsystems
[2019.03.30-20.04.17:138][938]LogBlueprintUserMessages: Late EndPlayMap Detection: Level '/Game/PuzzleCPP/Maps/PuzzleExampleMap.PuzzleExampleMap:PersistentLevel' has LevelScriptBlueprint '/Game/PuzzleCPP/Maps/PuzzleExampleMap.PuzzleExampleMap:PersistentLevel.PuzzleExampleMap' with GeneratedClass '/Game/PuzzleCPP/Maps/PuzzleExampleMap.PuzzleExampleMap_C' with ClassGeneratedBy '/Game/PuzzleCPP/Maps/PuzzleExampleMap.PuzzleExampleMap:PersistentLevel.PuzzleExampleMap'
[2019.03.30-20.04.17:228][938]LogSlate: Updating window title bar state: overlay mode, drag disabled, window buttons hidden, title bar hidden
[2019.03.30-20.04.17:286][939]LogPlayLevel: Display: Destroying online subsystem :Context_5
[2019.03.30-20.05.17:322][903]LogEditorViewport: Clicking on Actor (LMB): TicTacToeBlockGrid (PuzzleBlockGrid)
[2019.03.30-20.05.19:950][983]LogEditorViewport: Clicking on Actor (LMB): TicTacToeBlockGrid (PuzzleBlockGrid)
[2019.03.30-20.05.32:543][382]LogSlate: FSceneViewport::OnFocusLost() reason 0
